<?xml version="1.0" encoding="UTF-8"?>
<!-- Generated by org.testng.reporters.JUnitReportReporter -->
<testsuite hostname="Sanju" failures="0" tests="1" name="pageObject.Test.login" time="16.106" errors="0" timestamp="2023-12-14T16:30:02 IST" skipped="0">
  <testcase classname="pageObject.Test.login" name="submitorder" time="16.106"/>
</testsuite> <!-- pageObject.Test.login -->
