<?xml version="1.0" encoding="UTF-8"?>
<!-- Generated by org.testng.reporters.JUnitReportReporter -->
<testsuite hostname="Sanju" failures="0" tests="1" name="pageObject.Test.Ecommercelogin" time="17.413" errors="0" timestamp="2023-12-11T18:10:11 IST" skipped="0">
  <testcase classname="pageObject.Test.Ecommercelogin" name="Login" time="17.413"/>
</testsuite> <!-- pageObject.Test.Ecommercelogin -->
