<?xml version="1.0" encoding="UTF-8"?>
<!-- Generated by org.testng.reporters.JUnitReportReporter -->
<testsuite hostname="Sanju" failures="0" tests="1" name="pageObject.Ecommerce.Login2" time="0.009" errors="0" timestamp="2023-12-08T12:13:53 IST" skipped="0">
  <testcase classname="pageObject.Ecommerce.Login2" name="logins" time="0.009"/>
</testsuite> <!-- pageObject.Ecommerce.Login2 -->
