<?xml version="1.0" encoding="UTF-8"?>
<!-- Generated by org.testng.reporters.JUnitReportReporter -->
<testsuite hostname="Sanju" failures="0" tests="1" name="pageObject.Ecommerce.Ecommercelogin" time="8.537" errors="0" timestamp="2023-12-11T15:18:31 IST" skipped="0">
  <testcase classname="pageObject.Ecommerce.Ecommercelogin" name="Login" time="8.537"/>
</testsuite> <!-- pageObject.Ecommerce.Ecommercelogin -->
